# JRE version: OpenJDK Runtime Environment Temurin-21.0.8+9 (21.0.8+9) (build 21.0.8+9-LTS)
# Java VM: OpenJDK 64-Bit Server VM Temurin-21.0.8+9 (21.0.8+9-LTS, mixed mode, sharing, tiered, compressed oops, compressed class ptrs, parallel gc, windows-amd64)
GC Precious Log:
 CardTable entry size: 512
 CPUs: 4 total, 4 available
 Memory: 3520M
 Large Page Support: Disabled
 NUMA Support: Disabled
 Compressed Oops: Enabled (32-bit)
 Alignments: Space 512K, Generation 512K, Heap 2M
 Heap Min Capacity: 100M
 Heap Initial Capacity: 100M
 Heap Max Capacity: 2G
 Pre-touch: Disabled
 Parallel Workers: 4
Heap:
 PSYoungGen      total 9216K, used 4127K [0x00000000d5580000, 0x00000000d6480000, 0x0000000100000000)
  eden space 8704K, 41% used [0x00000000d5580000,0x00000000d590da88,0x00000000d5e00000)
  from space 512K, 95% used [0x00000000d6380000,0x00000000d63fa420,0x00000000d6400000)
  to   space 512K, 0% used [0x00000000d6400000,0x00000000d6400000,0x00000000d6480000)
 ParOldGen       total 126464K, used 126212K [0x0000000080000000, 0x0000000087b80000, 0x00000000d5580000)
  object space 126464K, 99% used [0x0000000080000000,0x0000000087b41250,0x0000000087b80000)
 Metaspace       used 74055K, committed 75648K, reserved 1179648K
  class space    used 7538K, committed 8256K, reserved 1048576K
GC Heap History (20 events):
Event: 142.482 GC heap before
{Heap before GC invocations=129 (full 3):
 PSYoungGen      total 9728K, used 9696K [0x00000000d5580000, 0x00000000d6200000, 0x0000000100000000)
  eden space 8704K, 100% used [0x00000000d5580000,0x00000000d5e00000,0x00000000d5e00000)
  from space 1024K, 96% used [0x00000000d6000000,0x00000000d60f8020,0x00000000d6100000)
  to   space 1024K, 0% used [0x00000000d6100000,0x00000000d6100000,0x00000000d6200000)
 ParOldGen       total 116224K, used 115996K [0x0000000080000000, 0x0000000087180000, 0x00000000d5580000)
  object space 116224K, 99% used [0x0000000080000000,0x00000000871471a0,0x0000000087180000)
 Metaspace       used 71231K, committed 72896K, reserved 1114112K
  class space    used 7331K, committed 8064K, reserved 1048576K
}
Event: 142.489 GC heap after
{Heap after GC invocations=129 (full 3):
 PSYoungGen      total 9728K, used 704K [0x00000000d5580000, 0x00000000d6200000, 0x0000000100000000)
  eden space 8704K, 0% used [0x00000000d5580000,0x00000000d5580000,0x00000000d5e00000)
  from space 1024K, 68% used [0x00000000d6100000,0x00000000d61b0000,0x00000000d6200000)
  to   space 1536K, 0% used [0x00000000d5f00000,0x00000000d5f00000,0x00000000d6080000)
 ParOldGen       total 117248K, used 116996K [0x0000000080000000, 0x0000000087280000, 0x00000000d5580000)
  object space 117248K, 99% used [0x0000000080000000,0x00000000872411e0,0x0000000087280000)
 Metaspace       used 71231K, committed 72896K, reserved 1114112K
  class space    used 7331K, committed 8064K, reserved 1048576K
}
Event: 143.098 GC heap before
{Heap before GC invocations=130 (full 3):
 PSYoungGen      total 9728K, used 9408K [0x00000000d5580000, 0x00000000d6200000, 0x0000000100000000)
  eden space 8704K, 100% used [0x00000000d5580000,0x00000000d5e00000,0x00000000d5e00000)
  from space 1024K, 68% used [0x00000000d6100000,0x00000000d61b0000,0x00000000d6200000)
  to   space 1536K, 0% used [0x00000000d5f00000,0x00000000d5f00000,0x00000000d6080000)
 ParOldGen       total 117248K, used 116996K [0x0000000080000000, 0x0000000087280000, 0x00000000d5580000)
  object space 117248K, 99% used [0x0000000080000000,0x00000000872411e0,0x0000000087280000)
 Metaspace       used 71326K, committed 72960K, reserved 1114112K
  class space    used 7331K, committed 8064K, reserved 1048576K
}
Event: 143.101 GC heap after
{Heap after GC invocations=130 (full 3):
 PSYoungGen      total 10240K, used 480K [0x00000000d5580000, 0x00000000d6180000, 0x0000000100000000)
  eden space 8704K, 0% used [0x00000000d5580000,0x00000000d5580000,0x00000000d5e00000)
  from space 1536K, 31% used [0x00000000d5f00000,0x00000000d5f78000,0x00000000d6080000)
  to   space 1024K, 0% used [0x00000000d6080000,0x00000000d6080000,0x00000000d6180000)
 ParOldGen       total 117760K, used 117636K [0x0000000080000000, 0x0000000087300000, 0x00000000d5580000)
  object space 117760K, 99% used [0x0000000080000000,0x00000000872e11e0,0x0000000087300000)
 Metaspace       used 71326K, committed 72960K, reserved 1114112K
  class space    used 7331K, committed 8064K, reserved 1048576K
}
Event: 143.552 GC heap before
{Heap before GC invocations=131 (full 3):
 PSYoungGen      total 10240K, used 9184K [0x00000000d5580000, 0x00000000d6180000, 0x0000000100000000)
  eden space 8704K, 100% used [0x00000000d5580000,0x00000000d5e00000,0x00000000d5e00000)
  from space 1536K, 31% used [0x00000000d5f00000,0x00000000d5f78000,0x00000000d6080000)
  to   space 1024K, 0% used [0x00000000d6080000,0x00000000d6080000,0x00000000d6180000)
 ParOldGen       total 117760K, used 117636K [0x0000000080000000, 0x0000000087300000, 0x00000000d5580000)
  object space 117760K, 99% used [0x0000000080000000,0x00000000872e11e0,0x0000000087300000)
 Metaspace       used 71803K, committed 73408K, reserved 1114112K
  class space    used 7370K, committed 8128K, reserved 1048576K
}
Event: 143.557 GC heap after
{Heap after GC invocations=131 (full 3):
 PSYoungGen      total 9728K, used 992K [0x00000000d5580000, 0x00000000d6200000, 0x0000000100000000)
  eden space 8704K, 0% used [0x00000000d5580000,0x00000000d5580000,0x00000000d5e00000)
  from space 1024K, 96% used [0x00000000d6080000,0x00000000d6178010,0x00000000d6180000)
  to   space 2048K, 0% used [0x00000000d5e00000,0x00000000d5e00000,0x00000000d6000000)
 ParOldGen       total 118272K, used 118120K [0x0000000080000000, 0x0000000087380000, 0x00000000d5580000)
  object space 118272K, 99% used [0x0000000080000000,0x000000008735a210,0x0000000087380000)
 Metaspace       used 71803K, committed 73408K, reserved 1114112K
  class space    used 7370K, committed 8128K, reserved 1048576K
}
Event: 144.386 GC heap before
{Heap before GC invocations=132 (full 3):
 PSYoungGen      total 9728K, used 9696K [0x00000000d5580000, 0x00000000d6200000, 0x0000000100000000)
  eden space 8704K, 100% used [0x00000000d5580000,0x00000000d5e00000,0x00000000d5e00000)
  from space 1024K, 96% used [0x00000000d6080000,0x00000000d6178010,0x00000000d6180000)
  to   space 2048K, 0% used [0x00000000d5e00000,0x00000000d5e00000,0x00000000d6000000)
 ParOldGen       total 118272K, used 118120K [0x0000000080000000, 0x0000000087380000, 0x00000000d5580000)
  object space 118272K, 99% used [0x0000000080000000,0x000000008735a210,0x0000000087380000)
 Metaspace       used 72440K, committed 74112K, reserved 1179648K
  class space    used 7381K, committed 8128K, reserved 1048576K
}
Event: 144.392 GC heap after
{Heap after GC invocations=132 (full 3):
 PSYoungGen      total 10240K, used 1232K [0x00000000d5580000, 0x00000000d6100000, 0x0000000100000000)
  eden space 8704K, 0% used [0x00000000d5580000,0x00000000d5580000,0x00000000d5e00000)
  from space 1536K, 80% used [0x00000000d5e00000,0x00000000d5f34010,0x00000000d5f80000)
  to   space 1536K, 0% used [0x00000000d5f80000,0x00000000d5f80000,0x00000000d6100000)
 ParOldGen       total 119296K, used 119064K [0x0000000080000000, 0x0000000087480000, 0x00000000d5580000)
  object space 119296K, 99% used [0x0000000080000000,0x00000000874461d0,0x0000000087480000)
 Metaspace       used 72440K, committed 74112K, reserved 1179648K
  class space    used 7381K, committed 8128K, reserved 1048576K
}
Event: 145.201 GC heap before
{Heap before GC invocations=133 (full 3):
 PSYoungGen      total 10240K, used 9936K [0x00000000d5580000, 0x00000000d6100000, 0x0000000100000000)
  eden space 8704K, 100% used [0x00000000d5580000,0x00000000d5e00000,0x00000000d5e00000)
  from space 1536K, 80% used [0x00000000d5e00000,0x00000000d5f34010,0x00000000d5f80000)
  to   space 1536K, 0% used [0x00000000d5f80000,0x00000000d5f80000,0x00000000d6100000)
 ParOldGen       total 119296K, used 119064K [0x0000000080000000, 0x0000000087480000, 0x00000000d5580000)
  object space 119296K, 99% used [0x0000000080000000,0x00000000874461d0,0x0000000087480000)
 Metaspace       used 72794K, committed 74368K, reserved 1179648K
  class space    used 7392K, committed 8128K, reserved 1048576K
}
Event: 145.207 GC heap after
{Heap after GC invocations=133 (full 3):
 PSYoungGen      total 10240K, used 1322K [0x00000000d5580000, 0x00000000d6100000, 0x0000000100000000)
  eden space 8704K, 0% used [0x00000000d5580000,0x00000000d5580000,0x00000000d5e00000)
  from space 1536K, 86% used [0x00000000d5f80000,0x00000000d60caad8,0x00000000d6100000)
  to   space 1536K, 0% used [0x00000000d5e00000,0x00000000d5e00000,0x00000000d5f80000)
 ParOldGen       total 120320K, used 120244K [0x0000000080000000, 0x0000000087580000, 0x00000000d5580000)
  object space 120320K, 99% used [0x0000000080000000,0x000000008756d340,0x0000000087580000)
 Metaspace       used 72794K, committed 74368K, reserved 1179648K
  class space    used 7392K, committed 8128K, reserved 1048576K
}
Event: 145.506 GC heap before
{Heap before GC invocations=134 (full 3):
 PSYoungGen      total 10240K, used 10026K [0x00000000d5580000, 0x00000000d6100000, 0x0000000100000000)
  eden space 8704K, 100% used [0x00000000d5580000,0x00000000d5e00000,0x00000000d5e00000)
  from space 1536K, 86% used [0x00000000d5f80000,0x00000000d60caad8,0x00000000d6100000)
  to   space 1536K, 0% used [0x00000000d5e00000,0x00000000d5e00000,0x00000000d5f80000)
 ParOldGen       total 120320K, used 120244K [0x0000000080000000, 0x0000000087580000, 0x00000000d5580000)
  object space 120320K, 99% used [0x0000000080000000,0x000000008756d340,0x0000000087580000)
 Metaspace       used 72795K, committed 74368K, reserved 1179648K
  class space    used 7392K, committed 8128K, reserved 1048576K
}
Event: 145.515 GC heap after
{Heap after GC invocations=134 (full 3):
 PSYoungGen      total 10240K, used 1535K [0x00000000d5580000, 0x00000000d6c00000, 0x0000000100000000)
  eden space 8704K, 0% used [0x00000000d5580000,0x00000000d5580000,0x00000000d5e00000)
  from space 1536K, 99% used [0x00000000d5e00000,0x00000000d5f7ff08,0x00000000d5f80000)
  to   space 7168K, 0% used [0x00000000d6500000,0x00000000d6500000,0x00000000d6c00000)
 ParOldGen       total 124928K, used 124619K [0x0000000080000000, 0x0000000087a00000, 0x00000000d5580000)
  object space 124928K, 99% used [0x0000000080000000,0x00000000879b2dc0,0x0000000087a00000)
 Metaspace       used 72795K, committed 74368K, reserved 1179648K
  class space    used 7392K, committed 8128K, reserved 1048576K
}
Event: 145.870 GC heap before
{Heap before GC invocations=135 (full 3):
 PSYoungGen      total 10240K, used 10239K [0x00000000d5580000, 0x00000000d6c00000, 0x0000000100000000)
  eden space 8704K, 100% used [0x00000000d5580000,0x00000000d5e00000,0x00000000d5e00000)
  from space 1536K, 99% used [0x00000000d5e00000,0x00000000d5f7ff08,0x00000000d5f80000)
  to   space 7168K, 0% used [0x00000000d6500000,0x00000000d6500000,0x00000000d6c00000)
 ParOldGen       total 124928K, used 124619K [0x0000000080000000, 0x0000000087a00000, 0x00000000d5580000)
  object space 124928K, 99% used [0x0000000080000000,0x00000000879b2dc0,0x0000000087a00000)
 Metaspace       used 72819K, committed 74432K, reserved 1179648K
  class space    used 7394K, committed 8128K, reserved 1048576K
}
Event: 145.874 GC heap after
{Heap after GC invocations=135 (full 3):
 PSYoungGen      total 10240K, used 1056K [0x00000000d5580000, 0x00000000d6680000, 0x0000000100000000)
  eden space 8704K, 0% used [0x00000000d5580000,0x00000000d5580000,0x00000000d5e00000)
  from space 1536K, 68% used [0x00000000d6500000,0x00000000d6608000,0x00000000d6680000)
  to   space 3072K, 0% used [0x00000000d6080000,0x00000000d6080000,0x00000000d6380000)
 ParOldGen       total 124928K, used 124699K [0x0000000080000000, 0x0000000087a00000, 0x00000000d5580000)
  object space 124928K, 99% used [0x0000000080000000,0x00000000879c6dc0,0x0000000087a00000)
 Metaspace       used 72819K, committed 74432K, reserved 1179648K
  class space    used 7394K, committed 8128K, reserved 1048576K
}
Event: 146.072 GC heap before
{Heap before GC invocations=136 (full 3):
 PSYoungGen      total 10240K, used 9760K [0x00000000d5580000, 0x00000000d6680000, 0x0000000100000000)
  eden space 8704K, 100% used [0x00000000d5580000,0x00000000d5e00000,0x00000000d5e00000)
  from space 1536K, 68% used [0x00000000d6500000,0x00000000d6608000,0x00000000d6680000)
  to   space 3072K, 0% used [0x00000000d6080000,0x00000000d6080000,0x00000000d6380000)
 ParOldGen       total 124928K, used 124699K [0x0000000080000000, 0x0000000087a00000, 0x00000000d5580000)
  object space 124928K, 99% used [0x0000000080000000,0x00000000879c6dc0,0x0000000087a00000)
 Metaspace       used 73111K, committed 74752K, reserved 1179648K
  class space    used 7419K, committed 8192K, reserved 1048576K
}
Event: 146.075 GC heap after
{Heap after GC invocations=136 (full 3):
 PSYoungGen      total 11776K, used 581K [0x00000000d5580000, 0x00000000d6580000, 0x0000000100000000)
  eden space 8704K, 0% used [0x00000000d5580000,0x00000000d5580000,0x00000000d5e00000)
  from space 3072K, 18% used [0x00000000d6080000,0x00000000d6111420,0x00000000d6380000)
  to   space 1536K, 0% used [0x00000000d6400000,0x00000000d6400000,0x00000000d6580000)
 ParOldGen       total 125440K, used 125383K [0x0000000080000000, 0x0000000087a80000, 0x00000000d5580000)
  object space 125440K, 99% used [0x0000000080000000,0x0000000087a71dd0,0x0000000087a80000)
 Metaspace       used 73111K, committed 74752K, reserved 1179648K
  class space    used 7419K, committed 8192K, reserved 1048576K
}
Event: 378.573 GC heap before
{Heap before GC invocations=137 (full 3):
 PSYoungGen      total 11776K, used 9285K [0x00000000d5580000, 0x00000000d6580000, 0x0000000100000000)
  eden space 8704K, 100% used [0x00000000d5580000,0x00000000d5e00000,0x00000000d5e00000)
  from space 3072K, 18% used [0x00000000d6080000,0x00000000d6111420,0x00000000d6380000)
  to   space 1536K, 0% used [0x00000000d6400000,0x00000000d6400000,0x00000000d6580000)
 ParOldGen       total 125440K, used 125383K [0x0000000080000000, 0x0000000087a80000, 0x00000000d5580000)
  object space 125440K, 99% used [0x0000000080000000,0x0000000087a71dd0,0x0000000087a80000)
 Metaspace       used 73485K, committed 75136K, reserved 1179648K
  class space    used 7451K, committed 8192K, reserved 1048576K
}
Event: 378.599 GC heap after
{Heap after GC invocations=137 (full 3):
 PSYoungGen      total 9216K, used 304K [0x00000000d5580000, 0x00000000d6480000, 0x0000000100000000)
  eden space 8704K, 0% used [0x00000000d5580000,0x00000000d5580000,0x00000000d5e00000)
  from space 512K, 59% used [0x00000000d6400000,0x00000000d644c030,0x00000000d6480000)
  to   space 512K, 0% used [0x00000000d6380000,0x00000000d6380000,0x00000000d6400000)
 ParOldGen       total 125952K, used 125828K [0x0000000080000000, 0x0000000087b00000, 0x00000000d5580000)
  object space 125952K, 99% used [0x0000000080000000,0x0000000087ae11f0,0x0000000087b00000)
 Metaspace       used 73485K, committed 75136K, reserved 1179648K
  class space    used 7451K, committed 8192K, reserved 1048576K
}
Event: 1959.954 GC heap before
{Heap before GC invocations=138 (full 3):
 PSYoungGen      total 9216K, used 9008K [0x00000000d5580000, 0x00000000d6480000, 0x0000000100000000)
  eden space 8704K, 100% used [0x00000000d5580000,0x00000000d5e00000,0x00000000d5e00000)
  from space 512K, 59% used [0x00000000d6400000,0x00000000d644c030,0x00000000d6480000)
  to   space 512K, 0% used [0x00000000d6380000,0x00000000d6380000,0x00000000d6400000)
 ParOldGen       total 125952K, used 125828K [0x0000000080000000, 0x0000000087b00000, 0x00000000d5580000)
  object space 125952K, 99% used [0x0000000080000000,0x0000000087ae11f0,0x0000000087b00000)
 Metaspace       used 74016K, committed 75584K, reserved 1179648K
  class space    used 7538K, committed 8256K, reserved 1048576K
}
Event: 1960.108 GC heap after
{Heap after GC invocations=138 (full 3):
 PSYoungGen      total 9216K, used 489K [0x00000000d5580000, 0x00000000d6480000, 0x0000000100000000)
  eden space 8704K, 0% used [0x00000000d5580000,0x00000000d5580000,0x00000000d5e00000)
  from space 512K, 95% used [0x00000000d6380000,0x00000000d63fa420,0x00000000d6400000)
  to   space 512K, 0% used [0x00000000d6400000,0x00000000d6400000,0x00000000d6480000)
 ParOldGen       total 126464K, used 126212K [0x0000000080000000, 0x0000000087b80000, 0x00000000d5580000)
  object space 126464K, 99% used [0x0000000080000000,0x0000000087b41250,0x0000000087b80000)
 Metaspace       used 74016K, committed 75584K, reserved 1179648K
  class space    used 7538K, committed 8256K, reserved 1048576K
}

