# JRE version: OpenJDK Runtime Environment (23.0.2+9) (build 23.0.2+9)
# Java VM: OpenJDK 64-Bit Server VM (23.0.2+9, mixed mode, sharing, tiered, compressed oops, compressed class ptrs, g1 gc, windows-amd64)
GC Precious Log:
 CardTable entry size: 512
 Card Set container configuration: InlinePtr #cards 5 size 8 Array Of Cards #cards 10 size 36 Howl #buckets 4 coarsen threshold 1843 Howl Bitmap #cards 512 size 80 coarsen threshold 460 Card regions per heap region 1 cards per card region 2048
 CPUs: 4 total, 4 available
 Memory: 3520M
 Large Page Support: Disabled
 NUMA Support: Disabled
 Compressed Oops: Enabled (32-bit)
 Heap Region Size: 1M
 Heap Min Capacity: 8M
 Heap Initial Capacity: 56M
 Heap Max Capacity: 882M
 Pre-touch: Disabled
 Parallel Workers: 4
 Concurrent Workers: 1
 Concurrent Refinement Workers: 4
 Periodic GC: Disabled
Heap:
 garbage-first heap   total reserved 903168K, committed 57344K, used 14753K [0x00000000c8e00000, 0x0000000100000000)
  region size 1024K, 12 young (12288K), 2 survivors (2048K)
 Metaspace       used 11548K, committed 11776K, reserved 1114112K
  class space    used 1437K, committed 1536K, reserved 1048576K
GC Heap History (6 events):
Event: 3.136 GC heap before
{Heap before GC invocations=0 (full 0):
 garbage-first heap   total reserved 903168K, committed 57344K, used 13312K [0x00000000c8e00000, 0x0000000100000000)
  region size 1024K, 14 young (14336K), 0 survivors (0K)
 Metaspace       used 3951K, committed 4160K, reserved 1114112K
  class space    used 422K, committed 512K, reserved 1048576K
}
Event: 3.153 GC heap after
{Heap after GC invocations=1 (full 0):
 garbage-first heap   total reserved 903168K, committed 57344K, used 3312K [0x00000000c8e00000, 0x0000000100000000)
  region size 1024K, 2 young (2048K), 2 survivors (2048K)
 Metaspace       used 3951K, committed 4160K, reserved 1114112K
  class space    used 422K, committed 512K, reserved 1048576K
}
Event: 4.488 GC heap before
{Heap before GC invocations=1 (full 0):
 garbage-first heap   total reserved 903168K, committed 57344K, used 15600K [0x00000000c8e00000, 0x0000000100000000)
  region size 1024K, 14 young (14336K), 2 survivors (2048K)
 Metaspace       used 5952K, committed 6080K, reserved 1114112K
  class space    used 731K, committed 768K, reserved 1048576K
}
Event: 4.505 GC heap after
{Heap after GC invocations=2 (full 0):
 garbage-first heap   total reserved 903168K, committed 57344K, used 4303K [0x00000000c8e00000, 0x0000000100000000)
  region size 1024K, 1 young (1024K), 1 survivors (1024K)
 Metaspace       used 5952K, committed 6080K, reserved 1114112K
  class space    used 731K, committed 768K, reserved 1048576K
}
Event: 8.096 GC heap before
{Heap before GC invocations=2 (full 0):
 garbage-first heap   total reserved 903168K, committed 57344K, used 30927K [0x00000000c8e00000, 0x0000000100000000)
  region size 1024K, 27 young (27648K), 1 survivors (1024K)
 Metaspace       used 9728K, committed 9856K, reserved 1114112K
  class space    used 1193K, committed 1280K, reserved 1048576K
}
Event: 8.105 GC heap after
{Heap after GC invocations=3 (full 0):
 garbage-first heap   total reserved 903168K, committed 57344K, used 5537K [0x00000000c8e00000, 0x0000000100000000)
  region size 1024K, 2 young (2048K), 2 survivors (2048K)
 Metaspace       used 9728K, committed 9856K, reserved 1114112K
  class space    used 1193K, committed 1280K, reserved 1048576K
}

